app/build/intermediates/mapping/release/minifyReleaseWithR8/seeds.txt
com.budgettracker.app.ui.settings.SettingsViewModel
com.budgettracker.app.data.db.SubscriptionEntity$$serializer
com.budgettracker.app.AppViewModel
com.budgettracker.app.BudgetApp_GeneratedInjector
com.budgettracker.app.data.db.CategoryEntity$$serializer
com.budgettracker.app.ui.stats.StatsViewModel
com.budgettracker.app.data.db.AppDatabase_Impl
com.budgettracker.app.data.backup.BackupData
com.budgettracker.app.data.db.GoalEntity$$serializer
com.budgettracker.app.data.db.GoalEntity$Companion
com.budgettracker.app.data.db.BudgetEntity$Companion
com.budgettracker.app.MainActivity_GeneratedInjector
com.budgettracker.app.data.backup.BackupData$Companion
com.budgettracker.app.ui.budgets.BudgetsViewModel
com.budgettracker.app.data.db.TxEntity
com.budgettracker.app.data.db.AccountEntity
com.budgettracker.app.data.backup.BackupData$$serializer
com.budgettracker.app.ui.onboarding.OnboardingViewModel
com.budgettracker.app.data.db.TxEntity$$serializer
com.budgettracker.app.data.db.AppDatabase
com.budgettracker.app.data.db.AccountEntity$Companion
com.budgettracker.app.data.backup.PrefsSnapshot$$serializer
com.budgettracker.app.data.db.DebtEntity$Companion
com.budgettracker.app.ui.accounts.AccountsViewModel
com.budgettracker.app.ui.budgets.BudgetEditViewModel
com.budgettracker.app.data.db.SubscriptionEntity$Companion
com.budgettracker.app.ui.goals.GoalsViewModel
com.budgettracker.app.data.db.CategoryEntity$Companion
com.budgettracker.app.ui.subscriptions.SubscriptionsViewModel
com.budgettracker.app.BudgetApp
com.budgettracker.app.data.backup.PrefsSnapshot
com.budgettracker.app.data.db.AccountEntity$$serializer
com.budgettracker.app.MainActivity
com.budgettracker.app.data.db.GoalEntity
com.budgettracker.app.data.db.SubscriptionEntity
com.budgettracker.app.data.db.DebtEntity
com.budgettracker.app.ui.transactions.TransactionsViewModel
com.budgettracker.app.data.db.DebtEntity$$serializer
com.budgettracker.app.ui.home.HomeViewModel
com.budgettracker.app.data.backup.PrefsSnapshot$Companion
com.budgettracker.app.data.db.BudgetEntity$$serializer
com.budgettracker.app.ui.transactions.TransactionEditViewModel
com.budgettracker.app.data.db.BudgetEntity
com.budgettracker.app.data.db.CategoryEntity
com.budgettracker.app.ui.debts.DebtsViewModel
com.budgettracker.app.data.db.TxEntity$Companion
com.budgettracker.app.data.db.DebtEntity: com.budgettracker.app.data.db.DebtEntity$Companion Companion
com.budgettracker.app.data.db.TxEntity$$serializer: com.budgettracker.app.data.db.TxEntity$$serializer INSTANCE
com.budgettracker.app.data.db.AccountDao_Impl: com.budgettracker.app.data.db.AccountDao_Impl$Companion Companion
com.budgettracker.app.data.db.GoalEntity: com.budgettracker.app.data.db.GoalEntity$Companion Companion
com.budgettracker.app.data.db.GoalEntity$$serializer: kotlinx.serialization.descriptors.SerialDescriptor descriptor
com.budgettracker.app.data.db.CategoryEntity$$serializer: int $stable
com.budgettracker.app.data.db.AccountEntity$$serializer: int $stable
com.budgettracker.app.data.db.DebtEntity$$serializer: kotlinx.serialization.descriptors.SerialDescriptor descriptor
com.budgettracker.app.data.db.TxEntity$$serializer: int $stable
com.budgettracker.app.data.db.SubscriptionEntity$$serializer: int $stable
com.budgettracker.app.data.backup.PrefsSnapshot$$serializer: com.budgettracker.app.data.backup.PrefsSnapshot$$serializer INSTANCE
com.budgettracker.app.data.backup.BackupManager: com.budgettracker.app.data.backup.BackupManager$Companion Companion
com.budgettracker.app.data.backup.BackupData: com.budgettracker.app.data.backup.BackupData$Companion Companion
com.budgettracker.app.data.db.AccountEntity$$serializer: kotlinx.serialization.descriptors.SerialDescriptor descriptor
com.budgettracker.app.data.db.BudgetEntity$$serializer: kotlinx.serialization.descriptors.SerialDescriptor descriptor
com.budgettracker.app.data.db.SubscriptionDao_Impl: com.budgettracker.app.data.db.SubscriptionDao_Impl$Companion Companion
...
kotlinx.serialization.json.JsonNull
androidx.compose.ui.input.key.KeyInputElement
com.google.android.gms.common.api.internal.BasePendingResult
androidx.appcompat.view.menu.ActionMenuItemView
androidx.compose.foundation.gestures.ScrollableElement
kotlinx.serialization.encoding.Encoder
androidx.compose.ui.draw.PainterElement
com.google.android.gms.auth.api.signin.SignInAccount
androidx.navigation.compose.DialogNavigator
com.google.android.libraries.identity.googleid.GoogleIdTokenCredential$Companion
com.google.android.gms.fido.common.Transport
androidx.compose.foundation.HoverableElement
androidx.compose.ui.draw.DrawWithCacheElement
androidx.compose.ui.graphics.GraphicsLayerElement
dagger.hilt.android.internal.managers.ActivityComponentManager$ActivityComponentBuilderEntryPoint
com.google.android.gms.auth.api.signin.internal.SignInHubActivity
androidx.compose.material3.MinimumInteractiveModifier
androidx.compose.foundation.IndicationModifierElement
dagger.hilt.android.internal.lifecycle.DefaultViewModelFactories$ActivityEntryPoint
com.google.android.gms.auth.api.signin.GoogleSignInAccount
androidx.profileinstaller.ProfileInstallerInitializer
androidx.compose.ui.semantics.ClearAndSetSemanticsElement
com.google.android.gms.common.util.DynamiteApi
androidx.navigation.compose.ComposeNavigator
androidx.compose.foundation.relocation.BringIntoViewRequesterElement
androidx.appcompat.app.AlertController$RecycleListView
androidx.compose.foundation.lazy.layout.TraversablePrefetchStateModifierElement
com.google.android.gms.dynamite.DynamiteModule$DynamiteLoaderClassLoader
com.google.android.gms.auth.api.signin.GoogleSignInOptions
androidx.appcompat.widget.ViewStubCompat
androidx.compose.ui.platform.AndroidCompositionLocals_androidKt
androidx.compose.ui.focus.FocusChangedElement
com.google.android.libraries.identity.googleid.GetGoogleIdOption$Builder
androidx.compose.foundation.MagnifierElement
androidx.compose.ui.input.pointer.PointerHoverIconModifierElement
androidx.compose.foundation.ClickableElement
dagger.hilt.android.internal.managers.ActivityRetainedComponentManager$ActivityRetainedLifecycleEntryPoint
androidx.compose.ui.draw.ShadowGraphicsLayerElement
dagger.hilt.android.internal.lifecycle.HiltWrapper_HiltViewModelFactory_ActivityCreatorEntryPoint
androidx.lifecycle.ProcessLifecycleOwner$attach$1$onActivityPreCreated$1
com.google.android.gms.common.api.GoogleApiActivity
androidx.room.MultiInstanceInvalidationService
androidx.compose.ui.layout.OnGloballyPositionedElement
kotlinx.serialization.KSerializer
com.google.android.gms.common.api.internal.zzd
androidx.compose.animation.EnterExitTransitionElement
androidx.lifecycle.LifecycleDispatcher$DispatcherActivityCallback
androidx.compose.foundation.text.modifiers.TextAnnotatedStringElement
androidx.startup.InitializationProvider
com.google.android.gms.common.GooglePlayServicesIncorrectManifestValueException
com.google.android.gms.common.api.Scope
androidx.compose.foundation.layout.LayoutWeightElement
androidx.emoji2.text.EmojiCompatInitializer
androidx.credentials.playservices.HiddenActivity
com.google.android.gms.common.GooglePlayServicesMissingManifestValueException
com.google.android.gms.auth.api.signin.internal.SignInConfiguration
kotlinx.serialization.json.JsonElement$Companion
androidx.compose.ui.layout.LayoutElement
dagger.hilt.android.internal.managers.ActivityRetainedComponentManager$ActivityRetainedComponentBuilderEntryPoint
androidx.compose.foundation.CombinedClickableElement
com.google.android.libraries.identity.googleid.GetGoogleIdOption
kotlin.coroutines.jvm.internal.BaseContinuationImpl
androidx.compose.foundation.BackgroundElement
com.google.android.gms.common.internal.ReflectedParcelable
androidx.navigation.compose.ComposeNavGraphNavigator
androidx.compose.foundation.BorderModifierNodeElement
androidx.compose.foundation.lazy.layout.LazyLayoutItemAnimator$DisplayingDisappearingItemsElement
androidx.compose.foundation.FocusableKt$FocusableInNonTouchModeElement$1